========== Cache Coherence Simulator ==========
...Reading benchmark files from: /home/evan/Projects/cs4223-assignment-2/./data/blackscholes_four
...blackscholes_0.data found
...blackscholes_1.data found
...blackscholes_2.data found
...blackscholes_3.data found
...Simulation starting
...Simulation completed!

============ Simulation Statistics ============
Overall Execution Cycle: 641992777
------------------- Bus --------------------
Bus Traffic (bytes):               205431680
Invalidations:                             0
Updates:                                  44
------------------- Avg --------------------
Average Cache Miss Rate (%):           46.46
Average Shared Data Accesses (%):       1.02
------------------ Core 1 ------------------
Cycle:                             640980214
Compute Cycles:                     10430314
Idle Cycles:                       628052551
Loads:                               1489888
Stores:                              1007461
Cache Accesses:                      2497349
Cache Hits:                          1336641
Cache Misses:                        1160708
Cache Miss Rate (%):                   46.48
Private Data Accesses:               1321272
Shared Data Accesses:                  15369
Private Data Accesses (%):             98.85
Shared Data Accesses (%):               1.15
------------------ Core 2 ------------------
Cycle:                             639692714
Compute Cycles:                     10383276
Idle Cycles:                       626818970
Loads:                               1485857
Stores:                              1004611
Cache Accesses:                      2490468
Cache Hits:                          1332874
Cache Misses:                        1157594
Cache Miss Rate (%):                   46.48
Private Data Accesses:               1319548
Shared Data Accesses:                  13326
Private Data Accesses (%):             99.00
Shared Data Accesses (%):               1.00
------------------ Core 3 ------------------
Cycle:                             641992776
Compute Cycles:                     10430338
Idle Cycles:                       629053381
Loads:                               1492629
Stores:                              1016428
Cache Accesses:                      2509057
Cache Hits:                          1344512
Cache Misses:                        1164545
Cache Miss Rate (%):                   46.41
Private Data Accesses:               1332630
Shared Data Accesses:                  11882
Private Data Accesses (%):             99.12
Shared Data Accesses (%):               0.88
------------------ Core 4 ------------------
Cycle:                             641668414
Compute Cycles:                     10394904
Idle Cycles:                       628770383
Loads:                               1493736
Stores:                              1009391
Cache Accesses:                      2503127
Cache Hits:                          1339793
Cache Misses:                        1163334
Cache Miss Rate (%):                   46.48
Private Data Accesses:               1325869
Shared Data Accesses:                  13924
Private Data Accesses (%):             98.96
Shared Data Accesses (%):               1.04
