========== Cache Coherence Simulator ==========
...Reading benchmark files from: /home/evan/Projects/cs4223-assignment-2/./data/blackscholes_four
...blackscholes_0.data found
...blackscholes_1.data found
...blackscholes_2.data found
...blackscholes_3.data found
...Simulation starting
...Simulation completed!

============ Simulation Statistics ============
Overall Execution Cycle: 492204601
------------------- Bus --------------------
Bus Traffic (bytes):               157494688
Invalidations:                             0
Updates:                                 109
------------------- Avg --------------------
Average Cache Miss Rate (%):           34.89
Average Shared Data Accesses (%):       2.44
------------------ Core 1 ------------------
Cycle:                             491152759
Compute Cycles:                     10430314
Idle Cycles:                       478225096
Loads:                               1489888
Stores:                              1007461
Cache Accesses:                      2497349
Cache Hits:                          1626213
Cache Misses:                         871136
Cache Miss Rate (%):                   34.88
Private Data Accesses:               1591376
Shared Data Accesses:                  34837
Private Data Accesses (%):             97.86
Shared Data Accesses (%):               2.14
------------------ Core 2 ------------------
Cycle:                             490163659
Compute Cycles:                     10383276
Idle Cycles:                       477289915
Loads:                               1485857
Stores:                              1004611
Cache Accesses:                      2490468
Cache Hits:                          1621720
Cache Misses:                         868748
Cache Miss Rate (%):                   34.88
Private Data Accesses:               1572722
Shared Data Accesses:                  48998
Private Data Accesses (%):             96.98
Shared Data Accesses (%):               3.02
------------------ Core 3 ------------------
Cycle:                             492204600
Compute Cycles:                     10430338
Idle Cycles:                       479265205
Loads:                               1492629
Stores:                              1016428
Cache Accesses:                      2509057
Cache Hits:                          1633546
Cache Misses:                         875511
Cache Miss Rate (%):                   34.89
Private Data Accesses:               1594293
Shared Data Accesses:                  39253
Private Data Accesses (%):             97.60
Shared Data Accesses (%):               2.40
------------------ Core 4 ------------------
Cycle:                             491739874
Compute Cycles:                     10394904
Idle Cycles:                       478841843
Loads:                               1493736
Stores:                              1009391
Cache Accesses:                      2503127
Cache Hits:                          1629786
Cache Misses:                         873341
Cache Miss Rate (%):                   34.89
Private Data Accesses:               1594055
Shared Data Accesses:                  35731
Private Data Accesses (%):             97.81
Shared Data Accesses (%):               2.19
