========== Cache Coherence Simulator ==========
...Reading benchmark files from: /home/evan/Projects/cs4223-assignment-2/./data/blackscholes_four
...blackscholes_0.data found
...blackscholes_1.data found
...blackscholes_2.data found
...blackscholes_3.data found
...Simulation starting
...Simulation completed!

============ Simulation Statistics ============
Overall Execution Cycle: 16983755
------------------- Bus --------------------
Bus Traffic (bytes):                 3404608
Invalidations:                             0
Updates:                                9854
------------------- Avg --------------------
Average Cache Miss Rate (%):            0.90
Average Shared Data Accesses (%):      19.27
------------------ Core 1 ------------------
Cycle:                              16241478
Compute Cycles:                     10430314
Idle Cycles:                         3313815
Loads:                               1489888
Stores:                              1007461
Cache Accesses:                      2497349
Cache Hits:                          2476009
Cache Misses:                          21340
Cache Miss Rate (%):                    0.85
Private Data Accesses:               1997982
Shared Data Accesses:                 478027
Private Data Accesses (%):             80.69
Shared Data Accesses (%):              19.31
------------------ Core 2 ------------------
Cycle:                              16187448
Compute Cycles:                     10383276
Idle Cycles:                         3313704
Loads:                               1485857
Stores:                              1004611
Cache Accesses:                      2490468
Cache Hits:                          2469014
Cache Misses:                          21454
Cache Miss Rate (%):                    0.86
Private Data Accesses:               1991848
Shared Data Accesses:                 477166
Private Data Accesses (%):             80.67
Shared Data Accesses (%):              19.33
------------------ Core 3 ------------------
Cycle:                              16983754
Compute Cycles:                     10430338
Idle Cycles:                         4044359
Loads:                               1492629
Stores:                              1016428
Cache Accesses:                      2509057
Cache Hits:                          2483779
Cache Misses:                          25278
Cache Miss Rate (%):                    1.01
Private Data Accesses:               2009040
Shared Data Accesses:                 474739
Private Data Accesses (%):             80.89
Shared Data Accesses (%):              19.11
------------------ Core 4 ------------------
Cycle:                              16327632
Compute Cycles:                     10394904
Idle Cycles:                         3429601
Loads:                               1493736
Stores:                              1009391
Cache Accesses:                      2503127
Cache Hits:                          2481274
Cache Misses:                          21853
Cache Miss Rate (%):                    0.87
Private Data Accesses:               2001401
Shared Data Accesses:                 479873
Private Data Accesses (%):             80.66
Shared Data Accesses (%):              19.34
