========== Cache Coherence Simulator ==========
...Reading benchmark files from: /home/evan/Projects/cs4223-assignment-2/./data/blackscholes_four
...blackscholes_0.data found
...blackscholes_1.data found
...blackscholes_2.data found
...blackscholes_3.data found
...Simulation starting
...Simulation completed!

============ Simulation Statistics ============
Overall Execution Cycle: 14745832
------------------- Bus --------------------
Bus Traffic (bytes):                 1084672
Invalidations:                             0
Updates:                                2127
------------------- Avg --------------------
Average Cache Miss Rate (%):            0.25
Average Shared Data Accesses (%):      18.91
------------------ Core 1 ------------------
Cycle:                              13835697
Compute Cycles:                     10430314
Idle Cycles:                          908034
Loads:                               1489888
Stores:                              1007461
Cache Accesses:                      2497349
Cache Hits:                          2492265
Cache Misses:                           5084
Cache Miss Rate (%):                    0.20
Private Data Accesses:               2017698
Shared Data Accesses:                 474567
Private Data Accesses (%):             80.96
Shared Data Accesses (%):              19.04
------------------ Core 2 ------------------
Cycle:                              13563432
Compute Cycles:                     10383276
Idle Cycles:                          689688
Loads:                               1485857
Stores:                              1004611
Cache Accesses:                      2490468
Cache Hits:                          2486070
Cache Misses:                           4398
Cache Miss Rate (%):                    0.18
Private Data Accesses:               2017214
Shared Data Accesses:                 468856
Private Data Accesses (%):             81.14
Shared Data Accesses (%):              18.86
------------------ Core 3 ------------------
Cycle:                              14745831
Compute Cycles:                     10430338
Idle Cycles:                         1806436
Loads:                               1492629
Stores:                              1016428
Cache Accesses:                      2509057
Cache Hits:                          2499016
Cache Misses:                          10041
Cache Miss Rate (%):                    0.40
Private Data Accesses:               2032278
Shared Data Accesses:                 466738
Private Data Accesses (%):             81.32
Shared Data Accesses (%):              18.68
------------------ Core 4 ------------------
Cycle:                              13771129
Compute Cycles:                     10394904
Idle Cycles:                          873098
Loads:                               1493736
Stores:                              1009391
Cache Accesses:                      2503127
Cache Hits:                          2498087
Cache Misses:                           5040
Cache Miss Rate (%):                    0.20
Private Data Accesses:               2021931
Shared Data Accesses:                 476156
Private Data Accesses (%):             80.94
Shared Data Accesses (%):              19.06
