========== Cache Coherence Simulator ==========
...Reading benchmark files from: /home/evan/Projects/cs4223-assignment-2/./data/bodytrack_four
...bodytrack_0.data found
...bodytrack_1.data found
...bodytrack_2.data found
...bodytrack_3.data found
...Simulation starting
...Simulation completed!

============ Simulation Statistics ============
Overall Execution Cycle: 66146089
------------------- Bus --------------------
Bus Traffic (bytes):                20670720
Invalidations:                             0
Updates:                                2723
------------------- Avg --------------------
Average Cache Miss Rate (%):            5.95
Average Shared Data Accesses (%):      15.20
------------------ Core 1 ------------------
Cycle:                              66146088
Compute Cycles:                     17729254
Idle Cycles:                        45146702
Loads:                               2380720
Stores:                               889412
Cache Accesses:                      3270132
Cache Hits:                          3085991
Cache Misses:                         184141
Cache Miss Rate (%):                    5.63
Private Data Accesses:               2566698
Shared Data Accesses:                 519293
Private Data Accesses (%):             83.17
Shared Data Accesses (%):              16.83
------------------ Core 2 ------------------
Cycle:                              65972753
Compute Cycles:                     17120545
Idle Cycles:                        45564956
Loads:                               2388005
Stores:                               899247
Cache Accesses:                      3287252
Cache Hits:                          3103324
Cache Misses:                         183928
Cache Miss Rate (%):                    5.60
Private Data Accesses:               2723357
Shared Data Accesses:                 379967
Private Data Accesses (%):             87.76
Shared Data Accesses (%):              12.24
------------------ Core 3 ------------------
Cycle:                              20939981
Compute Cycles:                     17556877
Idle Cycles:                         3265406
Loads:                                 74523
Stores:                                43175
Cache Accesses:                       117698
Cache Hits:                           109443
Cache Misses:                           8255
Cache Miss Rate (%):                    7.01
Private Data Accesses:                 87322
Shared Data Accesses:                  22121
Private Data Accesses (%):             79.79
Shared Data Accesses (%):              20.21
------------------ Core 4 ------------------
Cycle:                              65815865
Compute Cycles:                     17140113
Idle Cycles:                        45350833
Loads:                               2416052
Stores:                               908867
Cache Accesses:                      3324919
Cache Hits:                          3140098
Cache Misses:                         184821
Cache Miss Rate (%):                    5.56
Private Data Accesses:               2777922
Shared Data Accesses:                 362176
Private Data Accesses (%):             88.47
Shared Data Accesses (%):              11.53
