========== Cache Coherence Simulator ==========
...Reading benchmark files from: /home/evan/Projects/cs4223-assignment-2/./data/fluidanimate_four
...fluidanimate_0.data found
...fluidanimate_1.data found
...fluidanimate_2.data found
...fluidanimate_3.data found
...Simulation starting
...Simulation completed!

============ Simulation Statistics ============
Overall Execution Cycle: 235584541
------------------- Bus --------------------
Bus Traffic (bytes):                75237984
Invalidations:                             0
Updates:                                 373
------------------- Avg --------------------
Average Cache Miss Rate (%):           17.36
Average Shared Data Accesses (%):      14.09
------------------ Core 1 ------------------
Cycle:                             234441542
Compute Cycles:                     11337782
Idle Cycles:                       220527257
Loads:                               1832392
Stores:                               744111
Cache Accesses:                      2576503
Cache Hits:                          2106769
Cache Misses:                         469734
Cache Miss Rate (%):                   18.23
Private Data Accesses:               1809333
Shared Data Accesses:                 297436
Private Data Accesses (%):             85.88
Shared Data Accesses (%):              14.12
------------------ Core 2 ------------------
Cycle:                             215436739
Compute Cycles:                     11290799
Idle Cycles:                       201738096
Loads:                               1821846
Stores:                               585998
Cache Accesses:                      2407844
Cache Hits:                          2007962
Cache Misses:                         399882
Cache Miss Rate (%):                   16.61
Private Data Accesses:               1709335
Shared Data Accesses:                 298627
Private Data Accesses (%):             85.13
Shared Data Accesses (%):              14.87
------------------ Core 3 ------------------
Cycle:                             235584540
Compute Cycles:                     11337671
Idle Cycles:                       221642680
Loads:                               1838008
Stores:                               766181
Cache Accesses:                      2604189
Cache Hits:                          2131520
Cache Misses:                         472669
Cache Miss Rate (%):                   18.15
Private Data Accesses:               1859475
Shared Data Accesses:                 272045
Private Data Accesses (%):             87.24
Shared Data Accesses (%):              12.76
------------------ Core 4 ------------------
Cycle:                             213598438
Compute Cycles:                     11301515
Idle Cycles:                       199885458
Loads:                               1832174
Stores:                               579291
Cache Accesses:                      2411465
Cache Hits:                          2015181
Cache Misses:                         396284
Cache Miss Rate (%):                   16.43
Private Data Accesses:               1720921
Shared Data Accesses:                 294260
Private Data Accesses (%):             85.40
Shared Data Accesses (%):              14.60
