========== Cache Coherence Simulator ==========
...Reading benchmark files from: /home/evan/Projects/cs4223-assignment-2/./data/fluidanimate_four
...fluidanimate_0.data found
...fluidanimate_1.data found
...fluidanimate_2.data found
...fluidanimate_3.data found
...Simulation starting
...Simulation completed!

============ Simulation Statistics ============
Overall Execution Cycle: 492703460
------------------- Bus --------------------
Bus Traffic (bytes):               157650816
Invalidations:                             0
Updates:                                  53
------------------- Avg --------------------
Average Cache Miss Rate (%):           38.71
Average Shared Data Accesses (%):       7.31
------------------ Core 1 ------------------
Cycle:                             492542078
Compute Cycles:                     11337782
Idle Cycles:                       478627793
Loads:                               1832392
Stores:                               744111
Cache Accesses:                      2576503
Cache Hits:                          1557140
Cache Misses:                        1019363
Cache Miss Rate (%):                   39.56
Private Data Accesses:               1448096
Shared Data Accesses:                 109044
Private Data Accesses (%):             93.00
Shared Data Accesses (%):               7.00
------------------ Core 2 ------------------
Cycle:                             464506885
Compute Cycles:                     11290799
Idle Cycles:                       450808242
Loads:                               1821846
Stores:                               585998
Cache Accesses:                      2407844
Cache Hits:                          1483757
Cache Misses:                         924087
Cache Miss Rate (%):                   38.38
Private Data Accesses:               1369662
Shared Data Accesses:                 114095
Private Data Accesses (%):             92.31
Shared Data Accesses (%):               7.69
------------------ Core 3 ------------------
Cycle:                             492703459
Compute Cycles:                     11337671
Idle Cycles:                       478761599
Loads:                               1838008
Stores:                               766181
Cache Accesses:                      2604189
Cache Hits:                          1587130
Cache Misses:                        1017059
Cache Miss Rate (%):                   39.05
Private Data Accesses:               1473490
Shared Data Accesses:                 113640
Private Data Accesses (%):             92.84
Shared Data Accesses (%):               7.16
------------------ Core 4 ------------------
Cycle:                             459767488
Compute Cycles:                     11301515
Idle Cycles:                       446054508
Loads:                               1832174
Stores:                               579291
Cache Accesses:                      2411465
Cache Hits:                          1498945
Cache Misses:                         912520
Cache Miss Rate (%):                   37.84
Private Data Accesses:               1388375
Shared Data Accesses:                 110570
Private Data Accesses (%):             92.62
Shared Data Accesses (%):               7.38
