========== Cache Coherence Simulator ==========
...Reading benchmark files from: /home/evan/Projects/cs4223-assignment-2/./data/fluidanimate_four
...fluidanimate_0.data found
...fluidanimate_1.data found
...fluidanimate_2.data found
...fluidanimate_3.data found
...Simulation starting
...Simulation completed!

============ Simulation Statistics ============
Overall Execution Cycle: 331296062
------------------- Bus --------------------
Bus Traffic (bytes):               105916896
Invalidations:                             0
Updates:                                 181
------------------- Avg --------------------
Average Cache Miss Rate (%):           25.19
Average Shared Data Accesses (%):      12.16
------------------ Core 1 ------------------
Cycle:                             330072271
Compute Cycles:                     11337782
Idle Cycles:                       316157986
Loads:                               1832392
Stores:                               744111
Cache Accesses:                      2576503
Cache Hits:                          1889719
Cache Misses:                         686784
Cache Miss Rate (%):                   26.66
Private Data Accesses:               1657226
Shared Data Accesses:                 232493
Private Data Accesses (%):             87.70
Shared Data Accesses (%):              12.30
------------------ Core 2 ------------------
Cycle:                             298611015
Compute Cycles:                     11290799
Idle Cycles:                       284912372
Loads:                               1821846
Stores:                               585998
Cache Accesses:                      2407844
Cache Hits:                          1833601
Cache Misses:                         574243
Cache Miss Rate (%):                   23.85
Private Data Accesses:               1607633
Shared Data Accesses:                 225968
Private Data Accesses (%):             87.68
Shared Data Accesses (%):              12.32
------------------ Core 3 ------------------
Cycle:                             331296061
Compute Cycles:                     11337671
Idle Cycles:                       317354201
Loads:                               1838008
Stores:                               766181
Cache Accesses:                      2604189
Cache Hits:                          1912968
Cache Misses:                         691221
Cache Miss Rate (%):                   26.54
Private Data Accesses:               1703308
Shared Data Accesses:                 209660
Private Data Accesses (%):             89.04
Shared Data Accesses (%):              10.96
------------------ Core 4 ------------------
Cycle:                             297268396
Compute Cycles:                     11301515
Idle Cycles:                       283555416
Loads:                               1832174
Stores:                               579291
Cache Accesses:                      2411465
Cache Hits:                          1840065
Cache Misses:                         571400
Cache Miss Rate (%):                   23.70
Private Data Accesses:               1599868
Shared Data Accesses:                 240197
Private Data Accesses (%):             86.95
Shared Data Accesses (%):              13.05
