========== Cache Coherence Simulator ==========
...Reading benchmark files from: /home/evan/Projects/cs4223-assignment-2/./data/blackscholes_four
...blackscholes_0.data found
...blackscholes_1.data found
...blackscholes_2.data found
...blackscholes_3.data found
...Simulation starting
...Simulation completed!

============ Simulation Statistics ============
Overall Execution Cycle: 42186667
------------------- Bus --------------------
Bus Traffic (bytes):                17530688
Invalidations:                         47318
Updates:                                   0
------------------- Avg --------------------
Average Cache Miss Rate (%):            4.40
Average Shared Data Accesses (%):      16.79
------------------ Core 1 ------------------
Cycle:                              41610689
Compute Cycles:                     10430314
Idle Cycles:                        28683026
Loads:                               1489888
Stores:                              1007461
Cache Accesses:                      2497349
Cache Hits:                          2388598
Cache Misses:                         108751
Cache Miss Rate (%):                    4.35
Private Data Accesses:               1984365
Shared Data Accesses:                 404233
Private Data Accesses (%):             83.08
Shared Data Accesses (%):              16.92
------------------ Core 2 ------------------
Cycle:                              41158866
Compute Cycles:                     10383276
Idle Cycles:                        28285122
Loads:                               1485857
Stores:                              1004611
Cache Accesses:                      2490468
Cache Hits:                          2382517
Cache Misses:                         107951
Cache Miss Rate (%):                    4.33
Private Data Accesses:               1981787
Shared Data Accesses:                 400730
Private Data Accesses (%):             83.18
Shared Data Accesses (%):              16.82
------------------ Core 3 ------------------
Cycle:                              42186666
Compute Cycles:                     10430338
Idle Cycles:                        29247271
Loads:                               1492629
Stores:                              1016428
Cache Accesses:                      2509057
Cache Hits:                          2395011
Cache Misses:                         114046
Cache Miss Rate (%):                    4.55
Private Data Accesses:               1996606
Shared Data Accesses:                 398405
Private Data Accesses (%):             83.37
Shared Data Accesses (%):              16.63
------------------ Core 4 ------------------
Cycle:                              41072201
Compute Cycles:                     10394904
Idle Cycles:                        28174170
Loads:                               1493736
Stores:                              1009391
Cache Accesses:                      2503127
Cache Hits:                          2393875
Cache Misses:                         109252
Cache Miss Rate (%):                    4.36
Private Data Accesses:               1992056
Shared Data Accesses:                 401819
Private Data Accesses (%):             83.21
Shared Data Accesses (%):              16.79
