========== Cache Coherence Simulator ==========
...Reading benchmark files from: /home/evan/Projects/cs4223-assignment-2/./data/blackscholes_four
...blackscholes_0.data found
...blackscholes_1.data found
...blackscholes_2.data found
...blackscholes_3.data found
...Simulation starting
...Simulation completed!

============ Simulation Statistics ============
Overall Execution Cycle: 14638100
------------------- Bus --------------------
Bus Traffic (bytes):                 1015520
Invalidations:                          5942
Updates:                                   0
------------------- Avg --------------------
Average Cache Miss Rate (%):            0.25
Average Shared Data Accesses (%):      18.87
------------------ Core 1 ------------------
Cycle:                              13720062
Compute Cycles:                     10430314
Idle Cycles:                          792399
Loads:                               1489888
Stores:                              1007461
Cache Accesses:                      2497349
Cache Hits:                          2492240
Cache Misses:                           5109
Cache Miss Rate (%):                    0.20
Private Data Accesses:               2019039
Shared Data Accesses:                 473201
Private Data Accesses (%):             81.01
Shared Data Accesses (%):              18.99
------------------ Core 2 ------------------
Cycle:                              13507167
Compute Cycles:                     10383276
Idle Cycles:                          633423
Loads:                               1485857
Stores:                              1004611
Cache Accesses:                      2490468
Cache Hits:                          2486047
Cache Misses:                           4421
Cache Miss Rate (%):                    0.18
Private Data Accesses:               2017866
Shared Data Accesses:                 468181
Private Data Accesses (%):             81.17
Shared Data Accesses (%):              18.83
------------------ Core 3 ------------------
Cycle:                              14638099
Compute Cycles:                     10430338
Idle Cycles:                         1698704
Loads:                               1492629
Stores:                              1016428
Cache Accesses:                      2509057
Cache Hits:                          2499037
Cache Misses:                          10020
Cache Miss Rate (%):                    0.40
Private Data Accesses:               2032586
Shared Data Accesses:                 466451
Private Data Accesses (%):             81.33
Shared Data Accesses (%):              18.67
------------------ Core 4 ------------------
Cycle:                              13661242
Compute Cycles:                     10394904
Idle Cycles:                          763211
Loads:                               1493736
Stores:                              1009391
Cache Accesses:                      2503127
Cache Hits:                          2498074
Cache Misses:                           5053
Cache Miss Rate (%):                    0.20
Private Data Accesses:               2023402
Shared Data Accesses:                 474672
Private Data Accesses (%):             81.00
Shared Data Accesses (%):              19.00
