========== Cache Coherence Simulator ==========
...Reading benchmark files from: /home/evan/Projects/cs4223-assignment-2/./data/blackscholes_four
...blackscholes_0.data found
...blackscholes_1.data found
...blackscholes_2.data found
...blackscholes_3.data found
...Simulation starting
...Simulation completed!

============ Simulation Statistics ============
Overall Execution Cycle: 16658282
------------------- Bus --------------------
Bus Traffic (bytes):                 3091584
Invalidations:                          6699
Updates:                                   0
------------------- Avg --------------------
Average Cache Miss Rate (%):            0.90
Average Shared Data Accesses (%):      19.10
------------------ Core 1 ------------------
Cycle:                              15808690
Compute Cycles:                     10430314
Idle Cycles:                         2881027
Loads:                               1489888
Stores:                              1007461
Cache Accesses:                      2497349
Cache Hits:                          2475958
Cache Misses:                          21391
Cache Miss Rate (%):                    0.86
Private Data Accesses:               2002675
Shared Data Accesses:                 473283
Private Data Accesses (%):             80.88
Shared Data Accesses (%):              19.12
------------------ Core 2 ------------------
Cycle:                              15735725
Compute Cycles:                     10383276
Idle Cycles:                         2861981
Loads:                               1485857
Stores:                              1004611
Cache Accesses:                      2490468
Cache Hits:                          2468970
Cache Misses:                          21498
Cache Miss Rate (%):                    0.86
Private Data Accesses:               1997135
Shared Data Accesses:                 471835
Private Data Accesses (%):             80.89
Shared Data Accesses (%):              19.11
------------------ Core 3 ------------------
Cycle:                              16658281
Compute Cycles:                     10430338
Idle Cycles:                         3718886
Loads:                               1492629
Stores:                              1016428
Cache Accesses:                      2509057
Cache Hits:                          2483748
Cache Misses:                          25309
Cache Miss Rate (%):                    1.01
Private Data Accesses:               2011337
Shared Data Accesses:                 472411
Private Data Accesses (%):             80.98
Shared Data Accesses (%):              19.02
------------------ Core 4 ------------------
Cycle:                              15813806
Compute Cycles:                     10394904
Idle Cycles:                         2915775
Loads:                               1493736
Stores:                              1009391
Cache Accesses:                      2503127
Cache Hits:                          2481231
Cache Misses:                          21896
Cache Miss Rate (%):                    0.87
Private Data Accesses:               2006406
Shared Data Accesses:                 474825
Private Data Accesses (%):             80.86
Shared Data Accesses (%):              19.14
