========== Cache Coherence Simulator ==========
...Reading benchmark files from: /home/evan/Projects/cs4223-assignment-2/./data/blackscholes_four
...blackscholes_0.data found
...blackscholes_1.data found
...blackscholes_2.data found
...blackscholes_3.data found
...Simulation starting
...Simulation completed!

============ Simulation Statistics ============
Overall Execution Cycle: 91023890
------------------- Bus --------------------
Bus Traffic (bytes):                41592384
Invalidations:                        185859
Updates:                                   0
------------------- Avg --------------------
Average Cache Miss Rate (%):           10.10
Average Shared Data Accesses (%):      13.28
------------------ Core 1 ------------------
Cycle:                              90427423
Compute Cycles:                     10430314
Idle Cycles:                        77499760
Loads:                               1489888
Stores:                              1007461
Cache Accesses:                      2497349
Cache Hits:                          2246112
Cache Misses:                         251237
Cache Miss Rate (%):                   10.06
Private Data Accesses:               1940123
Shared Data Accesses:                 305989
Private Data Accesses (%):             86.38
Shared Data Accesses (%):              13.62
------------------ Core 2 ------------------
Cycle:                              89821522
Compute Cycles:                     10383276
Idle Cycles:                        76947778
Loads:                               1485857
Stores:                              1004611
Cache Accesses:                      2490468
Cache Hits:                          2240381
Cache Misses:                         250087
Cache Miss Rate (%):                   10.04
Private Data Accesses:               1938119
Shared Data Accesses:                 302262
Private Data Accesses (%):             86.51
Shared Data Accesses (%):              13.49
------------------ Core 3 ------------------
Cycle:                              91023889
Compute Cycles:                     10430338
Idle Cycles:                        78084494
Loads:                               1492629
Stores:                              1016428
Cache Accesses:                      2509057
Cache Hits:                          2252430
Cache Misses:                         256627
Cache Miss Rate (%):                   10.23
Private Data Accesses:               1958084
Shared Data Accesses:                 294346
Private Data Accesses (%):             86.93
Shared Data Accesses (%):              13.07
------------------ Core 4 ------------------
Cycle:                              90027116
Compute Cycles:                     10394904
Idle Cycles:                        77129085
Loads:                               1493736
Stores:                              1009391
Cache Accesses:                      2503127
Cache Hits:                          2251115
Cache Misses:                         252012
Cache Miss Rate (%):                   10.07
Private Data Accesses:               1959480
Shared Data Accesses:                 291635
Private Data Accesses (%):             87.04
Shared Data Accesses (%):              12.96
