========== Cache Coherence Simulator ==========
...Reading benchmark files from: /home/evan/Projects/cs4223-assignment-2/./data/fluidanimate_four
...fluidanimate_0.data found
...fluidanimate_1.data found
...fluidanimate_2.data found
...fluidanimate_3.data found
...Simulation starting
...Simulation completed!

============ Simulation Statistics ============
Overall Execution Cycle: 83744288
------------------- Bus --------------------
Bus Traffic (bytes):                25112000
Invalidations:                        273550
Updates:                                   0
------------------- Avg --------------------
Average Cache Miss Rate (%):            4.65
Average Shared Data Accesses (%):      17.26
------------------ Core 1 ------------------
Cycle:                              81793299
Compute Cycles:                     11337782
Idle Cycles:                        67879014
Loads:                               1832392
Stores:                               744111
Cache Accesses:                      2576503
Cache Hits:                          2457388
Cache Misses:                         119115
Cache Miss Rate (%):                    4.62
Private Data Accesses:               2041234
Shared Data Accesses:                 416154
Private Data Accesses (%):             83.07
Shared Data Accesses (%):              16.93
------------------ Core 2 ------------------
Cycle:                              79529021
Compute Cycles:                     11290799
Idle Cycles:                        65830378
Loads:                               1821846
Stores:                               585998
Cache Accesses:                      2407844
Cache Hits:                          2296923
Cache Misses:                         110921
Cache Miss Rate (%):                    4.61
Private Data Accesses:               1872126
Shared Data Accesses:                 424797
Private Data Accesses (%):             81.51
Shared Data Accesses (%):              18.49
------------------ Core 3 ------------------
Cycle:                              83744287
Compute Cycles:                     11337671
Idle Cycles:                        69802427
Loads:                               1838008
Stores:                               766181
Cache Accesses:                      2604189
Cache Hits:                          2477118
Cache Misses:                         127071
Cache Miss Rate (%):                    4.88
Private Data Accesses:               2073734
Shared Data Accesses:                 403384
Private Data Accesses (%):             83.72
Shared Data Accesses (%):              16.28
------------------ Core 4 ------------------
Cycle:                              78529897
Compute Cycles:                     11301515
Idle Cycles:                        64816917
Loads:                               1832174
Stores:                               579291
Cache Accesses:                      2411465
Cache Hits:                          2302816
Cache Misses:                         108649
Cache Miss Rate (%):                    4.51
Private Data Accesses:               1903483
Shared Data Accesses:                 399333
Private Data Accesses (%):             82.66
Shared Data Accesses (%):              17.34
