========== Cache Coherence Simulator ==========
...Reading benchmark files from: /home/evan/Projects/cs4223-assignment-2/./data/fluidanimate_four
...fluidanimate_0.data found
...fluidanimate_1.data found
...fluidanimate_2.data found
...fluidanimate_3.data found
...Simulation starting
...Simulation completed!

============ Simulation Statistics ============
Overall Execution Cycle: 64539538
------------------- Bus --------------------
Bus Traffic (bytes):                19034816
Invalidations:                        206302
Updates:                                   0
------------------- Avg --------------------
Average Cache Miss Rate (%):            3.58
Average Shared Data Accesses (%):      18.82
------------------ Core 1 ------------------
Cycle:                              64206249
Compute Cycles:                     11337782
Idle Cycles:                        50291964
Loads:                               1832392
Stores:                               744111
Cache Accesses:                      2576503
Cache Hits:                          2483508
Cache Misses:                          92995
Cache Miss Rate (%):                    3.61
Private Data Accesses:               2030529
Shared Data Accesses:                 452979
Private Data Accesses (%):             81.76
Shared Data Accesses (%):              18.24
------------------ Core 2 ------------------
Cycle:                              61577565
Compute Cycles:                     11290799
Idle Cycles:                        47878922
Loads:                               1821846
Stores:                               585998
Cache Accesses:                      2407844
Cache Hits:                          2322612
Cache Misses:                          85232
Cache Miss Rate (%):                    3.54
Private Data Accesses:               1879471
Shared Data Accesses:                 443141
Private Data Accesses (%):             80.92
Shared Data Accesses (%):              19.08
------------------ Core 3 ------------------
Cycle:                              64539537
Compute Cycles:                     11337671
Idle Cycles:                        50597677
Loads:                               1838008
Stores:                               766181
Cache Accesses:                      2604189
Cache Hits:                          2509469
Cache Misses:                          94720
Cache Miss Rate (%):                    3.64
Private Data Accesses:               2068013
Shared Data Accesses:                 441456
Private Data Accesses (%):             82.41
Shared Data Accesses (%):              17.59
------------------ Core 4 ------------------
Cycle:                              61620369
Compute Cycles:                     11301515
Idle Cycles:                        47907389
Loads:                               1832174
Stores:                               579291
Cache Accesses:                      2411465
Cache Hits:                          2326064
Cache Misses:                          85401
Cache Miss Rate (%):                    3.54
Private Data Accesses:               1852560
Shared Data Accesses:                 473504
Private Data Accesses (%):             79.64
Shared Data Accesses (%):              20.36
