========== Cache Coherence Simulator ==========
...Reading benchmark files from: /home/evan/Projects/cs4223-assignment-2/./data/blackscholes_four
...blackscholes_0.data found
...blackscholes_1.data found
...blackscholes_2.data found
...blackscholes_3.data found
...Simulation starting
...Simulation completed!

============ Simulation Statistics ============
Overall Execution Cycle: 252276261
------------------- Bus --------------------
Bus Traffic (bytes):               100349792
Invalidations:                        544991
Updates:                                   0
------------------- Avg --------------------
Average Cache Miss Rate (%):           23.09
Average Shared Data Accesses (%):       8.20
------------------ Core 1 ------------------
Cycle:                             251544758
Compute Cycles:                     10430314
Idle Cycles:                       238617095
Loads:                               1489888
Stores:                              1007461
Cache Accesses:                      2497349
Cache Hits:                          1921182
Cache Misses:                         576167
Cache Miss Rate (%):                   23.07
Private Data Accesses:               1763392
Shared Data Accesses:                 157790
Private Data Accesses (%):             91.79
Shared Data Accesses (%):               8.21
------------------ Core 2 ------------------
Cycle:                             250906730
Compute Cycles:                     10383276
Idle Cycles:                       238032986
Loads:                               1485857
Stores:                              1004611
Cache Accesses:                      2490468
Cache Hits:                          1916128
Cache Misses:                         574340
Cache Miss Rate (%):                   23.06
Private Data Accesses:               1761684
Shared Data Accesses:                 154444
Private Data Accesses (%):             91.94
Shared Data Accesses (%):               8.06
------------------ Core 3 ------------------
Cycle:                             252276260
Compute Cycles:                     10430338
Idle Cycles:                       239336865
Loads:                               1492629
Stores:                              1016428
Cache Accesses:                      2509057
Cache Hits:                          1928162
Cache Misses:                         580895
Cache Miss Rate (%):                   23.15
Private Data Accesses:               1767477
Shared Data Accesses:                 160685
Private Data Accesses (%):             91.67
Shared Data Accesses (%):               8.33
------------------ Core 4 ------------------
Cycle:                             251682302
Compute Cycles:                     10394904
Idle Cycles:                       238784271
Loads:                               1493736
Stores:                              1009391
Cache Accesses:                      2503127
Cache Hits:                          1925463
Cache Misses:                         577664
Cache Miss Rate (%):                   23.08
Private Data Accesses:               1767898
Shared Data Accesses:                 157565
Private Data Accesses (%):             91.82
Shared Data Accesses (%):               8.18
