========== Cache Coherence Simulator ==========
...Reading benchmark files from: /home/evan/Projects/cs4223-assignment-2/./data/blackscholes_four
...blackscholes_0.data found
...blackscholes_1.data found
...blackscholes_2.data found
...blackscholes_3.data found
...Simulation starting
...Simulation completed!

============ Simulation Statistics ============
Overall Execution Cycle: 16629219
------------------- Bus --------------------
Bus Traffic (bytes):                 3092192
Invalidations:                          6702
Updates:                                   0
------------------- Avg --------------------
Average Cache Miss Rate (%):            0.90
Average Shared Data Accesses (%):      19.10
------------------ Core 1 ------------------
Cycle:                              15824119
Compute Cycles:                     10430314
Idle Cycles:                         2896456
Loads:                               1489888
Stores:                              1007461
Cache Accesses:                      2497349
Cache Hits:                          2475958
Cache Misses:                          21391
Cache Miss Rate (%):                    0.86
Private Data Accesses:               2002671
Shared Data Accesses:                 473287
Private Data Accesses (%):             80.88
Shared Data Accesses (%):              19.12
------------------ Core 2 ------------------
Cycle:                              15734294
Compute Cycles:                     10383276
Idle Cycles:                         2860550
Loads:                               1485857
Stores:                              1004611
Cache Accesses:                      2490468
Cache Hits:                          2468968
Cache Misses:                          21500
Cache Miss Rate (%):                    0.86
Private Data Accesses:               1997159
Shared Data Accesses:                 471809
Private Data Accesses (%):             80.89
Shared Data Accesses (%):              19.11
------------------ Core 3 ------------------
Cycle:                              16629218
Compute Cycles:                     10430338
Idle Cycles:                         3689823
Loads:                               1492629
Stores:                              1016428
Cache Accesses:                      2509057
Cache Hits:                          2483748
Cache Misses:                          25309
Cache Miss Rate (%):                    1.01
Private Data Accesses:               2011339
Shared Data Accesses:                 472409
Private Data Accesses (%):             80.98
Shared Data Accesses (%):              19.02
------------------ Core 4 ------------------
Cycle:                              15815054
Compute Cycles:                     10394904
Idle Cycles:                         2917023
Loads:                               1493736
Stores:                              1009391
Cache Accesses:                      2503127
Cache Hits:                          2481230
Cache Misses:                          21897
Cache Miss Rate (%):                    0.87
Private Data Accesses:               2006372
Shared Data Accesses:                 474858
Private Data Accesses (%):             80.86
Shared Data Accesses (%):              19.14
