========== Cache Coherence Simulator ==========
...Reading benchmark files from: /home/evan/Projects/cs4223-assignment-2/./data/blackscholes_four
...blackscholes_0.data found
...blackscholes_1.data found
...blackscholes_2.data found
...blackscholes_3.data found
...Simulation starting
...Simulation completed!

============ Simulation Statistics ============
Overall Execution Cycle: 14634513
------------------- Bus --------------------
Bus Traffic (bytes):                 1018080
Invalidations:                          5955
Updates:                                   0
------------------- Avg --------------------
Average Cache Miss Rate (%):            0.25
Average Shared Data Accesses (%):      18.87
------------------ Core 1 ------------------
Cycle:                              13714998
Compute Cycles:                     10430314
Idle Cycles:                          787335
Loads:                               1489888
Stores:                              1007461
Cache Accesses:                      2497349
Cache Hits:                          2492233
Cache Misses:                           5116
Cache Miss Rate (%):                    0.20
Private Data Accesses:               2019024
Shared Data Accesses:                 473209
Private Data Accesses (%):             81.01
Shared Data Accesses (%):              18.99
------------------ Core 2 ------------------
Cycle:                              13495957
Compute Cycles:                     10383276
Idle Cycles:                          622213
Loads:                               1485857
Stores:                              1004611
Cache Accesses:                      2490468
Cache Hits:                          2486041
Cache Misses:                           4427
Cache Miss Rate (%):                    0.18
Private Data Accesses:               2018054
Shared Data Accesses:                 467987
Private Data Accesses (%):             81.18
Shared Data Accesses (%):              18.82
------------------ Core 3 ------------------
Cycle:                              14634512
Compute Cycles:                     10430338
Idle Cycles:                         1695117
Loads:                               1492629
Stores:                              1016428
Cache Accesses:                      2509057
Cache Hits:                          2499005
Cache Misses:                          10052
Cache Miss Rate (%):                    0.40
Private Data Accesses:               2032559
Shared Data Accesses:                 466446
Private Data Accesses (%):             81.33
Shared Data Accesses (%):              18.67
------------------ Core 4 ------------------
Cycle:                              13673584
Compute Cycles:                     10394904
Idle Cycles:                          775553
Loads:                               1493736
Stores:                              1009391
Cache Accesses:                      2503127
Cache Hits:                          2498070
Cache Misses:                           5057
Cache Miss Rate (%):                    0.20
Private Data Accesses:               2023416
Shared Data Accesses:                 474654
Private Data Accesses (%):             81.00
Shared Data Accesses (%):              19.00
