========== Cache Coherence Simulator ==========
...Reading benchmark files from: /home/evan/Projects/cs4223-assignment-2/./data/bodytrack_four
...bodytrack_0.data found
...bodytrack_1.data found
...bodytrack_2.data found
...bodytrack_3.data found
...Simulation starting
...Simulation completed!

============ Simulation Statistics ============
Overall Execution Cycle: 52243973
------------------- Bus --------------------
Bus Traffic (bytes):                17646144
Invalidations:                         50349
Updates:                                   0
------------------- Avg --------------------
Average Cache Miss Rate (%):            4.77
Average Shared Data Accesses (%):      22.75
------------------ Core 1 ------------------
Cycle:                              52089519
Compute Cycles:                     17729254
Idle Cycles:                        31090133
Loads:                               2380720
Stores:                               889412
Cache Accesses:                      3270132
Cache Hits:                          3112136
Cache Misses:                         157996
Cache Miss Rate (%):                    4.83
Private Data Accesses:               2870914
Shared Data Accesses:                 241222
Private Data Accesses (%):             92.25
Shared Data Accesses (%):               7.75
------------------ Core 2 ------------------
Cycle:                              52243972
Compute Cycles:                     17120545
Idle Cycles:                        31836175
Loads:                               2388005
Stores:                               899247
Cache Accesses:                      3287252
Cache Hits:                          3126104
Cache Misses:                         161148
Cache Miss Rate (%):                    4.90
Private Data Accesses:               2171982
Shared Data Accesses:                 954122
Private Data Accesses (%):             69.48
Shared Data Accesses (%):              30.52
------------------ Core 3 ------------------
Cycle:                              19024757
Compute Cycles:                     17556877
Idle Cycles:                         1350182
Loads:                                 74523
Stores:                                43175
Cache Accesses:                       117698
Cache Hits:                           112378
Cache Misses:                           5320
Cache Miss Rate (%):                    4.52
Private Data Accesses:                 87972
Shared Data Accesses:                  24406
Private Data Accesses (%):             78.28
Shared Data Accesses (%):              21.72
------------------ Core 4 ------------------
Cycle:                              51806600
Compute Cycles:                     17140113
Idle Cycles:                        31341568
Loads:                               2416052
Stores:                               908867
Cache Accesses:                      3324919
Cache Hits:                          3164355
Cache Misses:                         160564
Cache Miss Rate (%):                    4.83
Private Data Accesses:               2183579
Shared Data Accesses:                 980776
Private Data Accesses (%):             69.01
Shared Data Accesses (%):              30.99
