========== Cache Coherence Simulator ==========
...Reading benchmark files from: /home/evan/Projects/cs4223-assignment-2/./data/fluidanimate_four
...fluidanimate_0.data found
...fluidanimate_1.data found
...fluidanimate_2.data found
...fluidanimate_3.data found
...Simulation starting
...Simulation completed!

============ Simulation Statistics ============
Overall Execution Cycle: 458745522
------------------- Bus --------------------
Bus Traffic (bytes):               157648768
Invalidations:                        720634
Updates:                                   0
------------------- Avg --------------------
Average Cache Miss Rate (%):           38.71
Average Shared Data Accesses (%):       7.35
------------------ Core 1 ------------------
Cycle:                             458587876
Compute Cycles:                     11337782
Idle Cycles:                       444673591
Loads:                               1832392
Stores:                               744111
Cache Accesses:                      2576503
Cache Hits:                          1557139
Cache Misses:                        1019364
Cache Miss Rate (%):                   39.56
Private Data Accesses:               1446394
Shared Data Accesses:                 110745
Private Data Accesses (%):             92.89
Shared Data Accesses (%):               7.11
------------------ Core 2 ------------------
Cycle:                             431474246
Compute Cycles:                     11290799
Idle Cycles:                       417775603
Loads:                               1821846
Stores:                               585998
Cache Accesses:                      2407844
Cache Hits:                          1483756
Cache Misses:                         924088
Cache Miss Rate (%):                   38.38
Private Data Accesses:               1371383
Shared Data Accesses:                 112373
Private Data Accesses (%):             92.43
Shared Data Accesses (%):               7.57
------------------ Core 3 ------------------
Cycle:                             458745521
Compute Cycles:                     11337671
Idle Cycles:                       444803661
Loads:                               1838008
Stores:                               766181
Cache Accesses:                      2604189
Cache Hits:                          1587130
Cache Misses:                        1017059
Cache Miss Rate (%):                   39.05
Private Data Accesses:               1470838
Shared Data Accesses:                 116292
Private Data Accesses (%):             92.67
Shared Data Accesses (%):               7.33
------------------ Core 4 ------------------
Cycle:                             427071109
Compute Cycles:                     11301515
Idle Cycles:                       413358129
Loads:                               1832174
Stores:                               579291
Cache Accesses:                      2411465
Cache Hits:                          1498945
Cache Misses:                         912520
Cache Miss Rate (%):                   37.84
Private Data Accesses:               1388001
Shared Data Accesses:                 110944
Private Data Accesses (%):             92.60
Shared Data Accesses (%):               7.40
