========== Cache Coherence Simulator ==========
...Reading benchmark files from: /home/evan/Projects/cs4223-assignment-2/./data/fluidanimate_four
...fluidanimate_0.data found
...fluidanimate_1.data found
...fluidanimate_2.data found
...fluidanimate_3.data found
...Simulation starting
...Simulation completed!

============ Simulation Statistics ============
Overall Execution Cycle: 83800665
------------------- Bus --------------------
Bus Traffic (bytes):                25232320
Invalidations:                        273395
Updates:                                   0
------------------- Avg --------------------
Average Cache Miss Rate (%):            4.68
Average Shared Data Accesses (%):      17.22
------------------ Core 1 ------------------
Cycle:                              81853576
Compute Cycles:                     11337782
Idle Cycles:                        67939291
Loads:                               1832392
Stores:                               744111
Cache Accesses:                      2576503
Cache Hits:                          2456058
Cache Misses:                         120445
Cache Miss Rate (%):                    4.67
Private Data Accesses:               2041926
Shared Data Accesses:                 414132
Private Data Accesses (%):             83.14
Shared Data Accesses (%):              16.86
------------------ Core 2 ------------------
Cycle:                              79433591
Compute Cycles:                     11290799
Idle Cycles:                        65734948
Loads:                               1821846
Stores:                               585998
Cache Accesses:                      2407844
Cache Hits:                          2296737
Cache Misses:                         111107
Cache Miss Rate (%):                    4.61
Private Data Accesses:               1874764
Shared Data Accesses:                 421973
Private Data Accesses (%):             81.63
Shared Data Accesses (%):              18.37
------------------ Core 3 ------------------
Cycle:                              83800664
Compute Cycles:                     11337671
Idle Cycles:                        69858804
Loads:                               1838008
Stores:                               766181
Cache Accesses:                      2604189
Cache Hits:                          2475713
Cache Misses:                         128476
Cache Miss Rate (%):                    4.93
Private Data Accesses:               2071459
Shared Data Accesses:                 404254
Private Data Accesses (%):             83.67
Shared Data Accesses (%):              16.33
------------------ Core 4 ------------------
Cycle:                              78443413
Compute Cycles:                     11301515
Idle Cycles:                        64730433
Loads:                               1832174
Stores:                               579291
Cache Accesses:                      2411465
Cache Hits:                          2302567
Cache Misses:                         108898
Cache Miss Rate (%):                    4.52
Private Data Accesses:               1903575
Shared Data Accesses:                 398992
Private Data Accesses (%):             82.67
Shared Data Accesses (%):              17.33
